This is pdfTeX, Version 3.141592653-2.6-1.40.25 (TeX Live 2023) (preloaded format=pdflatex 2023.9.20)  2 OCT 2023 11:41
entering extended mode
 \write18 enabled.
 file:line:error style messages enabled.
 %&-line parsing enabled.
**/home/charles/M2-DAC/RDFIA/Reports/Reports1/Report1.tex
(/home/charles/M2-DAC/RDFIA/Reports/Reports1/Report1.tex
LaTeX2e <2023-06-01> patch level 1
L3 programming layer <2023-08-29>
(/home/charles/.TinyTeX/texmf-dist/tex/latex/base/article.cls
Document Class: article 2023/05/17 v1.4n Standard LaTeX document class
(/home/charles/.TinyTeX/texmf-dist/tex/latex/base/size10.clo
File: size10.clo 2023/05/17 v1.4n Standard LaTeX file (size option)
)
\c@part=\count185
\c@section=\count186
\c@subsection=\count187
\c@subsubsection=\count188
\c@paragraph=\count189
\c@subparagraph=\count190
\c@figure=\count191
\c@table=\count192
\abovecaptionskip=\skip48
\belowcaptionskip=\skip49
\bibindent=\dimen140
) (/home/charles/.TinyTeX/texmf-dist/tex/latex/base/inputenc.sty
Package: inputenc 2021/02/14 v1.3d Input encoding file
\inpenc@prehook=\toks17
\inpenc@posthook=\toks18
) (/home/charles/.TinyTeX/texmf-dist/tex/latex/geometry/geometry.sty
Package: geometry 2020/01/02 v5.9 Page Geometry
 (/home/charles/.TinyTeX/texmf-dist/tex/latex/graphics/keyval.sty
Package: keyval 2022/05/29 v1.15 key=value parser (DPC)
\KV@toks@=\toks19
) (/home/charles/.TinyTeX/texmf-dist/tex/generic/iftex/ifvtex.sty
Package: ifvtex 2019/10/25 v1.7 ifvtex legacy package. Use iftex instead.
 (/home/charles/.TinyTeX/texmf-dist/tex/generic/iftex/iftex.sty
Package: iftex 2022/02/03 v1.0f TeX engine tests
))
\Gm@cnth=\count193
\Gm@cntv=\count194
\c@Gm@tempcnt=\count195
\Gm@bindingoffset=\dimen141
\Gm@wd@mp=\dimen142
\Gm@odd@mp=\dimen143
\Gm@even@mp=\dimen144
\Gm@layoutwidth=\dimen145
\Gm@layoutheight=\dimen146
\Gm@layouthoffset=\dimen147
\Gm@layoutvoffset=\dimen148
\Gm@dimlist=\toks20
) (/home/charles/.TinyTeX/texmf-dist/tex/latex/graphics/graphicx.sty
Package: graphicx 2021/09/16 v1.2d Enhanced LaTeX Graphics (DPC,SPQR)
 (/home/charles/.TinyTeX/texmf-dist/tex/latex/graphics/graphics.sty
Package: graphics 2022/03/10 v1.4e Standard LaTeX Graphics (DPC,SPQR)
 (/home/charles/.TinyTeX/texmf-dist/tex/latex/graphics/trig.sty
Package: trig 2021/08/11 v1.11 sin cos tan (DPC)
) (/home/charles/.TinyTeX/texmf-dist/tex/latex/graphics-cfg/graphics.cfg
File: graphics.cfg 2016/06/04 v1.11 sample graphics configuration
)
Package graphics Info: Driver file: pdftex.def on input line 107.
 (/home/charles/.TinyTeX/texmf-dist/tex/latex/graphics-def/pdftex.def
File: pdftex.def 2022/09/22 v1.2b Graphics/color driver for pdftex
))
\Gin@req@height=\dimen149
\Gin@req@width=\dimen150
) (/home/charles/.TinyTeX/texmf-dist/tex/latex/opensans/opensans.sty
Package: opensans 2019/06/20 Style file for Open Sans.
 (/home/charles/.TinyTeX/texmf-dist/tex/latex/fontaxes/fontaxes.sty
Package: fontaxes 2020/07/21 v1.0e Font selection axes
LaTeX Info: Redefining \upshape on input line 29.
LaTeX Info: Redefining \itshape on input line 31.
LaTeX Info: Redefining \slshape on input line 33.
LaTeX Info: Redefining \swshape on input line 35.
LaTeX Info: Redefining \scshape on input line 37.
LaTeX Info: Redefining \sscshape on input line 39.
LaTeX Info: Redefining \ulcshape on input line 41.
LaTeX Info: Redefining \textsw on input line 47.
LaTeX Info: Redefining \textssc on input line 48.
LaTeX Info: Redefining \textulc on input line 49.
) (/home/charles/.TinyTeX/texmf-dist/tex/generic/iftex/ifluatex.sty
Package: ifluatex 2019/10/25 v1.5 ifluatex legacy package. Use iftex instead.
) (/home/charles/.TinyTeX/texmf-dist/tex/generic/iftex/ifxetex.sty
Package: ifxetex 2019/10/25 v0.7 ifxetex legacy package. Use iftex instead.
) (/home/charles/.TinyTeX/texmf-dist/tex/latex/xkeyval/xkeyval.sty
Package: xkeyval 2022/06/16 v2.9 package option processing (HA)
 (/home/charles/.TinyTeX/texmf-dist/tex/generic/xkeyval/xkeyval.tex (/home/charles/.TinyTeX/texmf-dist/tex/generic/xkeyval/xkvutils.tex
\XKV@toks=\toks21
\XKV@tempa@toks=\toks22
)
\XKV@depth=\count196
File: xkeyval.tex 2014/12/03 v2.7a key=value parser (HA)
))) (/home/charles/.TinyTeX/texmf-dist/tex/latex/base/fontenc.sty
Package: fontenc 2021/04/29 v2.0v Standard LaTeX package
LaTeX Font Info:    Trying to load font information for T1+opensans-TLF on input line 112.
 (/home/charles/.TinyTeX/texmf-dist/tex/latex/opensans/T1opensans-TLF.fd
File: T1opensans-TLF.fd 2019/06/24 Font definitions for T1/opensans-TLF.
)
LaTeX Font Info:    Font shape `T1/opensans-TLF/m/n' will be
(Font)              scaled to size 9.49997pt on input line 112.
) (/home/charles/.TinyTeX/texmf-dist/tex/latex/amsfonts/amssymb.sty
Package: amssymb 2013/01/14 v3.01 AMS font symbols
 (/home/charles/.TinyTeX/texmf-dist/tex/latex/amsfonts/amsfonts.sty
Package: amsfonts 2013/01/14 v3.01 Basic AMSFonts support
\@emptytoks=\toks23
\symAMSa=\mathgroup4
\symAMSb=\mathgroup5
LaTeX Font Info:    Redeclaring math symbol \hbar on input line 98.
LaTeX Font Info:    Overwriting math alphabet `\mathfrak' in version `bold'
(Font)                  U/euf/m/n --> U/euf/b/n on input line 106.
)) (/home/charles/.TinyTeX/texmf-dist/tex/latex/amsmath/amsmath.sty
Package: amsmath 2023/05/13 v2.17o AMS math features
\@mathmargin=\skip50

For additional information on amsmath, use the `?' option.
(/home/charles/.TinyTeX/texmf-dist/tex/latex/amsmath/amstext.sty
Package: amstext 2021/08/26 v2.01 AMS text
 (/home/charles/.TinyTeX/texmf-dist/tex/latex/amsmath/amsgen.sty
File: amsgen.sty 1999/11/30 v2.0 generic functions
\@emptytoks=\toks24
\ex@=\dimen151
)) (/home/charles/.TinyTeX/texmf-dist/tex/latex/amsmath/amsbsy.sty
Package: amsbsy 1999/11/29 v1.2d Bold Symbols
\pmbraise@=\dimen152
) (/home/charles/.TinyTeX/texmf-dist/tex/latex/amsmath/amsopn.sty
Package: amsopn 2022/04/08 v2.04 operator names
)
\inf@bad=\count197
LaTeX Info: Redefining \frac on input line 234.
\uproot@=\count198
\leftroot@=\count199
LaTeX Info: Redefining \overline on input line 399.
LaTeX Info: Redefining \colon on input line 410.
\classnum@=\count266
\DOTSCASE@=\count267
LaTeX Info: Redefining \ldots on input line 496.
LaTeX Info: Redefining \dots on input line 499.
LaTeX Info: Redefining \cdots on input line 620.
\Mathstrutbox@=\box51
\strutbox@=\box52
LaTeX Info: Redefining \big on input line 722.
LaTeX Info: Redefining \Big on input line 723.
LaTeX Info: Redefining \bigg on input line 724.
LaTeX Info: Redefining \Bigg on input line 725.
\big@size=\dimen153
LaTeX Font Info:    Redeclaring font encoding OML on input line 743.
LaTeX Font Info:    Redeclaring font encoding OMS on input line 744.
\macc@depth=\count268
LaTeX Info: Redefining \bmod on input line 905.
LaTeX Info: Redefining \pmod on input line 910.
LaTeX Info: Redefining \smash on input line 940.
LaTeX Info: Redefining \relbar on input line 970.
LaTeX Info: Redefining \Relbar on input line 971.
\c@MaxMatrixCols=\count269
\dotsspace@=\muskip16
\c@parentequation=\count270
\dspbrk@lvl=\count271
\tag@help=\toks25
\row@=\count272
\column@=\count273
\maxfields@=\count274
\andhelp@=\toks26
\eqnshift@=\dimen154
\alignsep@=\dimen155
\tagshift@=\dimen156
\tagwidth@=\dimen157
\totwidth@=\dimen158
\lineht@=\dimen159
\@envbody=\toks27
\multlinegap=\skip51
\multlinetaggap=\skip52
\mathdisplay@stack=\toks28
LaTeX Info: Redefining \[ on input line 2953.
LaTeX Info: Redefining \] on input line 2954.
) (/home/charles/.TinyTeX/texmf-dist/tex/latex/amscls/amsthm.sty
Package: amsthm 2020/05/29 v2.20.6
\thm@style=\toks29
\thm@bodyfont=\toks30
\thm@headfont=\toks31
\thm@notefont=\toks32
\thm@headpunct=\toks33
\thm@preskip=\skip53
\thm@postskip=\skip54
\thm@headsep=\skip55
\dth@everypar=\toks34
) (/home/charles/.TinyTeX/texmf-dist/tex/generic/systeme/systeme.sty (/home/charles/.TinyTeX/texmf-dist/tex/generic/xstring/xstring.sty (/home/charles/.TinyTeX/texmf-dist/tex/generic/xstring/xstring.tex
\xs_counta=\count275
\xs_countb=\count276
)
Package: xstring 2023/08/22 v1.86 String manipulations (CT)
) (/home/charles/.TinyTeX/texmf-dist/tex/generic/systeme/systeme.tex
\SYS_systemecode=\toks35
\SYS_systempreamble=\toks36
\SYSeqnum=\count277
)
Package: systeme 2020/05/03 v0.34 Mise en forme de systemes d'equations (CT)
) (/home/charles/.TinyTeX/texmf-dist/tex/latex/hyperref/hyperref.sty
Package: hyperref 2023-07-08 v7.01b Hypertext links for LaTeX
 (/home/charles/.TinyTeX/texmf-dist/tex/generic/ltxcmds/ltxcmds.sty
Package: ltxcmds 2020-05-10 v1.25 LaTeX kernel commands for general use (HO)
) (/home/charles/.TinyTeX/texmf-dist/tex/generic/pdftexcmds/pdftexcmds.sty
Package: pdftexcmds 2020-06-27 v0.33 Utility functions of pdfTeX for LuaTeX (HO)
 (/home/charles/.TinyTeX/texmf-dist/tex/generic/infwarerr/infwarerr.sty
Package: infwarerr 2019/12/03 v1.5 Providing info/warning/error messages (HO)
)
Package pdftexcmds Info: \pdf@primitive is available.
Package pdftexcmds Info: \pdf@ifprimitive is available.
Package pdftexcmds Info: \pdfdraftmode found.
) (/home/charles/.TinyTeX/texmf-dist/tex/latex/kvsetkeys/kvsetkeys.sty
Package: kvsetkeys 2022-10-05 v1.19 Key value parser (HO)
) (/home/charles/.TinyTeX/texmf-dist/tex/generic/kvdefinekeys/kvdefinekeys.sty
Package: kvdefinekeys 2019-12-19 v1.6 Define keys (HO)
) (/home/charles/.TinyTeX/texmf-dist/tex/generic/pdfescape/pdfescape.sty
Package: pdfescape 2019/12/09 v1.15 Implements pdfTeX's escape features (HO)
) (/home/charles/.TinyTeX/texmf-dist/tex/latex/hycolor/hycolor.sty
Package: hycolor 2020-01-27 v1.10 Color options for hyperref/bookmark (HO)
) (/home/charles/.TinyTeX/texmf-dist/tex/latex/letltxmacro/letltxmacro.sty
Package: letltxmacro 2019/12/03 v1.6 Let assignment for LaTeX macros (HO)
) (/home/charles/.TinyTeX/texmf-dist/tex/latex/auxhook/auxhook.sty
Package: auxhook 2019-12-17 v1.6 Hooks for auxiliary files (HO)
) (/home/charles/.TinyTeX/texmf-dist/tex/latex/hyperref/nameref.sty
Package: nameref 2023-08-07 v2.53 Cross-referencing by name of section
 (/home/charles/.TinyTeX/texmf-dist/tex/latex/refcount/refcount.sty
Package: refcount 2019/12/15 v3.6 Data extraction from label references (HO)
) (/home/charles/.TinyTeX/texmf-dist/tex/generic/gettitlestring/gettitlestring.sty
Package: gettitlestring 2019/12/15 v1.6 Cleanup title references (HO)
 (/home/charles/.TinyTeX/texmf-dist/tex/latex/kvoptions/kvoptions.sty
Package: kvoptions 2022-06-15 v3.15 Key value format for package options (HO)
))
\c@section@level=\count278
) (/home/charles/.TinyTeX/texmf-dist/tex/latex/etoolbox/etoolbox.sty
Package: etoolbox 2020/10/05 v2.5k e-TeX tools for LaTeX (JAW)
\etb@tempcnta=\count279
)
\@linkdim=\dimen160
\Hy@linkcounter=\count280
\Hy@pagecounter=\count281
 (/home/charles/.TinyTeX/texmf-dist/tex/latex/hyperref/pd1enc.def
File: pd1enc.def 2023-07-08 v7.01b Hyperref: PDFDocEncoding definition (HO)
Now handling font encoding PD1 ...
... no UTF-8 mapping file for font encoding PD1
) (/home/charles/.TinyTeX/texmf-dist/tex/generic/intcalc/intcalc.sty
Package: intcalc 2019/12/15 v1.3 Expandable calculations with integers (HO)
)
\Hy@SavedSpaceFactor=\count282
 (/home/charles/.TinyTeX/texmf-dist/tex/latex/hyperref/puenc.def
File: puenc.def 2023-07-08 v7.01b Hyperref: PDF Unicode definition (HO)
Now handling font encoding PU ...
... no UTF-8 mapping file for font encoding PU
)
Package hyperref Info: Hyper figures OFF on input line 4167.
Package hyperref Info: Link nesting OFF on input line 4172.
Package hyperref Info: Hyper index ON on input line 4175.
Package hyperref Info: Plain pages OFF on input line 4182.
Package hyperref Info: Backreferencing OFF on input line 4187.
Package hyperref Info: Implicit mode ON; LaTeX internals redefined.
Package hyperref Info: Bookmarks ON on input line 4434.
\c@Hy@tempcnt=\count283
 (/home/charles/.TinyTeX/texmf-dist/tex/latex/url/url.sty
\Urlmuskip=\muskip17
Package: url 2013/09/16  ver 3.4  Verb mode for urls, etc.
)
LaTeX Info: Redefining \url on input line 4772.
\XeTeXLinkMargin=\dimen161
 (/home/charles/.TinyTeX/texmf-dist/tex/generic/bitset/bitset.sty
Package: bitset 2019/12/09 v1.3 Handle bit-vector datatype (HO)
 (/home/charles/.TinyTeX/texmf-dist/tex/generic/bigintcalc/bigintcalc.sty
Package: bigintcalc 2019/12/15 v1.5 Expandable calculations on big integers (HO)
))
\Fld@menulength=\count284
\Field@Width=\dimen162
\Fld@charsize=\dimen163
Package hyperref Info: Hyper figures OFF on input line 6051.
Package hyperref Info: Link nesting OFF on input line 6056.
Package hyperref Info: Hyper index ON on input line 6059.
Package hyperref Info: backreferencing OFF on input line 6066.
Package hyperref Info: Link coloring OFF on input line 6071.
Package hyperref Info: Link coloring with OCG OFF on input line 6076.
Package hyperref Info: PDF/A mode OFF on input line 6081.
 (/home/charles/.TinyTeX/texmf-dist/tex/latex/base/atbegshi-ltx.sty
Package: atbegshi-ltx 2021/01/10 v1.0c Emulation of the original atbegshi
package with kernel methods
)
\Hy@abspage=\count285
\c@Item=\count286
\c@Hfootnote=\count287
)
Package hyperref Info: Driver (autodetected): hpdftex.
 (/home/charles/.TinyTeX/texmf-dist/tex/latex/hyperref/hpdftex.def
File: hpdftex.def 2023-07-08 v7.01b Hyperref driver for pdfTeX
 (/home/charles/.TinyTeX/texmf-dist/tex/latex/base/atveryend-ltx.sty
Package: atveryend-ltx 2020/08/19 v1.0a Emulation of the original atveryend package
with kernel methods
)
\Fld@listcount=\count288
\c@bookmark@seq@number=\count289
 (/home/charles/.TinyTeX/texmf-dist/tex/latex/rerunfilecheck/rerunfilecheck.sty
Package: rerunfilecheck 2022-07-10 v1.10 Rerun checks for auxiliary files (HO)
 (/home/charles/.TinyTeX/texmf-dist/tex/generic/uniquecounter/uniquecounter.sty
Package: uniquecounter 2019/12/15 v1.4 Provide unlimited unique counter (HO)
)
Package uniquecounter Info: New unique counter `rerunfilecheck' on input line 285.
)
\Hy@SectionHShift=\skip56
)
Package hyperref Info: Option `colorlinks' set `true' on input line 22.
\c@thm=\count290
\c@defn=\count291
\c@exmp=\count292
 (/home/charles/.TinyTeX/texmf-dist/tex/latex/l3backend/l3backend-pdftex.def
File: l3backend-pdftex.def 2023-04-19 L3 backend support: PDF output (pdfTeX)
\l__color_backend_stack_int=\count293
\l__pdf_internal_box=\box53
) (./Report1.aux)
\openout1 = `Report1.aux'.

LaTeX Font Info:    Checking defaults for OML/cmm/m/it on input line 48.
LaTeX Font Info:    ... okay on input line 48.
LaTeX Font Info:    Checking defaults for OMS/cmsy/m/n on input line 48.
LaTeX Font Info:    ... okay on input line 48.
LaTeX Font Info:    Checking defaults for OT1/cmr/m/n on input line 48.
LaTeX Font Info:    ... okay on input line 48.
LaTeX Font Info:    Checking defaults for T1/cmr/m/n on input line 48.
LaTeX Font Info:    ... okay on input line 48.
LaTeX Font Info:    Checking defaults for TS1/cmr/m/n on input line 48.
LaTeX Font Info:    ... okay on input line 48.
LaTeX Font Info:    Checking defaults for OMX/cmex/m/n on input line 48.
LaTeX Font Info:    ... okay on input line 48.
LaTeX Font Info:    Checking defaults for U/cmr/m/n on input line 48.
LaTeX Font Info:    ... okay on input line 48.
LaTeX Font Info:    Checking defaults for PD1/pdf/m/n on input line 48.
LaTeX Font Info:    ... okay on input line 48.
LaTeX Font Info:    Checking defaults for PU/pdf/m/n on input line 48.
LaTeX Font Info:    ... okay on input line 48.

*geometry* driver: auto-detecting
*geometry* detected driver: pdftex
*geometry* verbose mode - [ preamble ] result:
* driver: pdftex
* paper: a4paper
* layout: <same size as paper>
* layoutoffset:(h,v)=(0.0pt,0.0pt)
* modes: 
* h-part:(L,W,R)=(71.13188pt, 455.24411pt, 71.13188pt)
* v-part:(T,H,B)=(71.13188pt, 702.78308pt, 71.13188pt)
* \paperwidth=597.50787pt
* \paperheight=845.04684pt
* \textwidth=455.24411pt
* \textheight=702.78308pt
* \oddsidemargin=-1.1381pt
* \evensidemargin=-1.1381pt
* \topmargin=-38.1381pt
* \headheight=12.0pt
* \headsep=25.0pt
* \topskip=10.0pt
* \footskip=30.0pt
* \marginparwidth=65.0pt
* \marginparsep=11.0pt
* \columnsep=10.0pt
* \skip\footins=9.0pt plus 4.0pt minus 2.0pt
* \hoffset=0.0pt
* \voffset=0.0pt
* \mag=1000
* \@twocolumnfalse
* \@twosidefalse
* \@mparswitchfalse
* \@reversemarginfalse
* (1in=72.27pt=25.4mm, 1cm=28.453pt)

(/home/charles/.TinyTeX/texmf-dist/tex/latex/epstopdf-pkg/epstopdf-base.sty
Package: epstopdf-base 2020-01-24 v2.11 Base part for package epstopdf
Package epstopdf-base Info: Redefining graphics rule for `.eps' on input line 485.
 (/home/charles/.TinyTeX/texmf-dist/tex/latex/latexconfig/epstopdf-sys.cfg
File: epstopdf-sys.cfg 2010/07/13 v1.3 Configuration of (r)epstopdf for TeX Live
))
\c@mv@tabular=\count294
\c@mv@boldtabular=\count295
 (/home/charles/.TinyTeX/texmf-dist/tex/latex/graphics/color.sty
Package: color 2022/01/06 v1.3d Standard LaTeX Color (DPC)
 (/home/charles/.TinyTeX/texmf-dist/tex/latex/graphics-cfg/color.cfg
File: color.cfg 2016/01/02 v1.6 sample color configuration
)
Package color Info: Driver file: pdftex.def on input line 149.
 (/home/charles/.TinyTeX/texmf-dist/tex/latex/graphics/mathcolor.ltx))
Package hyperref Info: Link coloring ON on input line 48.
 (./Report1.out) (./Report1.out)
\@outlinefile=\write3
\openout3 = `Report1.out'.

LaTeX Font Info:    Font shape `T1/opensans-TLF/m/n' will be
(Font)              scaled to size 16.41594pt on input line 50.
LaTeX Font Info:    Font shape `T1/opensans-TLF/m/n' will be
(Font)              scaled to size 11.39996pt on input line 50.
LaTeX Font Info:    Trying to load font information for U+msa on input line 50.
 (/home/charles/.TinyTeX/texmf-dist/tex/latex/amsfonts/umsa.fd
File: umsa.fd 2013/01/14 v3.01 AMS symbols A
)
LaTeX Font Info:    Trying to load font information for U+msb on input line 50.
 (/home/charles/.TinyTeX/texmf-dist/tex/latex/amsfonts/umsb.fd
File: umsb.fd 2013/01/14 v3.01 AMS symbols B
)

LaTeX Font Warning: Font shape `T1/opensans-TLF/m/sc' undefined
(Font)              using `T1/opensans-TLF/m/n' instead on input line 50.

LaTeX Font Info:    Font shape `T1/opensans-TLF/m/sc' will be
(Font)              scaled to size 11.39996pt on input line 50.
LaTeX Font Info:    Font shape `T1/opensans-TLF/m/n' will be
(Font)              scaled to size 13.67995pt on input line 51.
LaTeX Font Info:    Font shape `T1/opensans-TLF/b/n' will be
(Font)              scaled to size 13.67995pt on input line 51.
LaTeX Font Info:    Font shape `T1/opensans-TLF/b/n' will be
(Font)              scaled to size 11.39996pt on input line 52.
LaTeX Font Info:    Font shape `T1/opensans-TLF/b/n' will be
(Font)              scaled to size 9.49997pt on input line 53.
LaTeX Font Info:    Trying to load font information for TS1+opensans-TLF on input line 66.
(/home/charles/.TinyTeX/texmf-dist/tex/latex/opensans/TS1opensans-TLF.fd
File: TS1opensans-TLF.fd 2019/06/24 Font definitions for TS1/opensans-TLF.
)
LaTeX Font Info:    Font shape `TS1/opensans-TLF/m/n' will be
(Font)              scaled to size 9.49997pt on input line 66.
LaTeX Font Info:    Font shape `T1/opensans-TLF/b/it' will be
(Font)              scaled to size 9.49997pt on input line 80.
 [1

{/home/charles/.TinyTeX/texmf-var/fonts/map/pdftex/updmap/pdftex.map}{/home/charles/.TinyTeX/texmf-dist/fonts/enc/dvips/opensans/a_jg4h6q.enc}{/home/charles/.TinyTeX/texmf-dist/fonts/enc/dvips/opensans/a_nvvucy.enc}]
<figs/cross_entropy.png, id=51, 558.085pt x 398.48875pt>
File: figs/cross_entropy.png Graphic file (type png)
<use figs/cross_entropy.png>
Package pdftex.def Info: figs/cross_entropy.png  used on input line 100.
(pdftex.def)             Requested size: 273.14923pt x 195.0423pt.
 [2 <./figs/cross_entropy.png>]
Overfull \hbox (1.41164pt too wide) in paragraph at lines 128--129
[]\T1/opensans-TLF/m/n/10 In prac-tice, se-lect-ing an ap-pro-pri-ate learn-ing rate of-ten in-volves ex-per-i-men-ta-tion and can be problem-
 []

[3]
Runaway argument?
 \\ 
/home/charles/M2-DAC/RDFIA/Reports/Reports1/Report1.tex:184: Paragraph ended before \align* was complete.
<to be read again> 
                   \par 
l.184 
      
I suspect you've forgotten a `}', causing me to apply this
control sequence to too much text. How can we recover?
My plan is to forget the whole thing and hope for the best.

/home/charles/M2-DAC/RDFIA/Reports/Reports1/Report1.tex:184: Missing $ inserted.
<inserted text> 
                $
l.184 
      
I've inserted a begin-math/end-math symbol since I think
you left one out. Proceed, with fingers crossed.

/home/charles/M2-DAC/RDFIA/Reports/Reports1/Report1.tex:184: Missing \endgroup inserted.
<inserted text> 
                \endgroup 
l.184 
      
I've inserted something that you may have forgotten.
(See the <inserted text> above.)
With luck, this will get me unwedged. But if you
really didn't forget anything, try typing `2' now; then
my insertion and my current dilemma will both disappear.

/home/charles/M2-DAC/RDFIA/Reports/Reports1/Report1.tex:184: Display math should end with $$.
<to be read again> 
                   \tex_par:D 
l.184 
      
The `$' that I just saw supposedly matches a previous `$$'.
So I shall assume that you typed `$$' both times.

/home/charles/M2-DAC/RDFIA/Reports/Reports1/Report1.tex:185: Missing $ inserted.
<inserted text> 
                $
l.185 ...{\partial \tilde{y}_k}{\partial W_{y,ij}}
                                                   &= h_{k}
I've inserted a begin-math/end-math symbol since I think
you left one out. Proceed, with fingers crossed.

/home/charles/M2-DAC/RDFIA/Reports/Reports1/Report1.tex:185: Missing $ inserted.
<inserted text> 
                $
l.185 ...{\partial \tilde{y}_k}{\partial W_{y,ij}}
                                                   &= h_{k}
I've inserted something that you may have forgotten.
(See the <inserted text> above.)
With luck, this will get me unwedged. But if you
really didn't forget anything, try typing `2' now; then
my insertion and my current dilemma will both disappear.

/home/charles/M2-DAC/RDFIA/Reports/Reports1/Report1.tex:185: Missing $ inserted.
<inserted text> 
                $
l.185 ...{\partial \tilde{y}_k}{\partial W_{y,ij}}
                                                   &= h_{k}
I've inserted a begin-math/end-math symbol since I think
you left one out. Proceed, with fingers crossed.

/home/charles/M2-DAC/RDFIA/Reports/Reports1/Report1.tex:185: Extra }, or forgotten $.
\frac  #1#2->{\begingroup #1\endgroup \@@over #2}
                                                 
l.185 ...{\partial \tilde{y}_k}{\partial W_{y,ij}}
                                                   &= h_{k}
I've deleted a group-closing symbol because it seems to be
spurious, as in `$x}$'. But perhaps the } is legitimate and
you forgot something else, as in `\hbox{$x}'. In such cases
the way to recover is to insert both the forgotten and the
deleted material, e.g., by typing `I$}'.

/home/charles/M2-DAC/RDFIA/Reports/Reports1/Report1.tex:185: Misplaced alignment tab character &.
l.185 ...partial \tilde{y}_k}{\partial W_{y,ij}} &
                                                  = h_{k}
I can't figure out why you would want to use a tab mark
here. If you just want an ampersand, the remedy is
simple: Just type `I\&' now. But if some right brace
up above has ended a previous alignment prematurely,
you're probably due for more error messages, and you
might try typing `S' now just to see what is salvageable.

/home/charles/M2-DAC/RDFIA/Reports/Reports1/Report1.tex:186: Missing $ inserted.
<inserted text> 
                $
l.186 
      
I've inserted a begin-math/end-math symbol since I think
you left one out. Proceed, with fingers crossed.

/home/charles/M2-DAC/RDFIA/Reports/Reports1/Report1.tex:189: Misplaced \cr.
\math@cr@@@ ->\cr 
                  
l.189 \end{align*}
                  
I can't figure out why you would want to use a tab mark
or \cr or \span just now. If something like a right brace
up above has ended a previous alignment prematurely,
you're probably due for more error messages, and you
might try typing `S' now just to see what is salvageable.

/home/charles/M2-DAC/RDFIA/Reports/Reports1/Report1.tex:189: Misplaced \noalign.
\math@cr@@ ... \iffalse }\fi \math@cr@@@ \noalign 
                                                  {\vskip #1\relax }
l.189 \end{align*}
                  
I expect to see \noalign only after the \cr of
an alignment. Proceed, and I'll ignore this case.

/home/charles/M2-DAC/RDFIA/Reports/Reports1/Report1.tex:189: Misplaced \noalign.
\black@ #1->\noalign 
                     {\ifdim #1>\displaywidth \dimen@ \prevdepth \nointerlin...
l.189 \end{align*}
                  
I expect to see \noalign only after the \cr of
an alignment. Proceed, and I'll ignore this case.


Overfull \hbox (110.3991pt too wide) detected at line 189
[]
 []

/home/charles/M2-DAC/RDFIA/Reports/Reports1/Report1.tex:189: Missing $ inserted.
<inserted text> 
                $
l.189 \end{align*}
                  
I've inserted something that you may have forgotten.
(See the <inserted text> above.)
With luck, this will get me unwedged. But if you
really didn't forget anything, try typing `2' now; then
my insertion and my current dilemma will both disappear.

/home/charles/M2-DAC/RDFIA/Reports/Reports1/Report1.tex:189: Display math should end with $$.
<to be read again> 
                   \endgroup 
l.189 \end{align*}
                  
The `$' that I just saw supposedly matches a previous `$$'.
So I shall assume that you typed `$$' both times.

[4] (./Report1.aux)
 ***********
LaTeX2e <2023-06-01> patch level 1
L3 programming layer <2023-08-29>
 ***********


LaTeX Font Warning: Some font shapes were not available, defaults substituted.

Package rerunfilecheck Info: File `Report1.out' has not changed.
(rerunfilecheck)             Checksum: E270C95A5771119E4988A10A3AEE77F3;992.
 ) 
Here is how much of TeX's memory you used:
 11245 strings out of 476888
 173987 string characters out of 5808652
 1934791 words of memory out of 5000000
 32333 multiletter control sequences out of 15000+600000
 571208 words of font info for 79 fonts, out of 8000000 for 9000
 14 hyphenation exceptions out of 8191
 75i,11n,79p,588b,463s stack positions out of 10000i,1000n,20000p,200000b,200000s
</home/charles/.TinyTeX/texmf-dist/fonts/type1/ascender/opensans/OpenSans-Bold.pfb></home/charles/.TinyTeX/texmf-dist/fonts/type1/ascender/opensans/OpenSans-BoldItalic.pfb></home/charles/.TinyTeX/texmf-dist/fonts/type1/ascender/opensans/OpenSans-Regular.pfb></home/charles/.TinyTeX/texmf-dist/fonts/type1/public/amsfonts/cm/cmex10.pfb></home/charles/.TinyTeX/texmf-dist/fonts/type1/public/amsfonts/cmextra/cmex7.pfb></home/charles/.TinyTeX/texmf-dist/fonts/type1/public/amsfonts/cm/cmmi10.pfb></home/charles/.TinyTeX/texmf-dist/fonts/type1/public/amsfonts/cm/cmmi5.pfb></home/charles/.TinyTeX/texmf-dist/fonts/type1/public/amsfonts/cm/cmmi7.pfb></home/charles/.TinyTeX/texmf-dist/fonts/type1/public/amsfonts/cm/cmr10.pfb></home/charles/.TinyTeX/texmf-dist/fonts/type1/public/amsfonts/cm/cmr5.pfb></home/charles/.TinyTeX/texmf-dist/fonts/type1/public/amsfonts/cm/cmr7.pfb></home/charles/.TinyTeX/texmf-dist/fonts/type1/public/amsfonts/cm/cmsy10.pfb></home/charles/.TinyTeX/texmf-dist/fonts/type1/public/amsfonts/symbols/msbm10.pfb>
Output written on Report1.pdf (4 pages, 167542 bytes).
PDF statistics:
 150 PDF objects out of 1000 (max. 8388607)
 112 compressed objects within 2 object streams
 28 named destinations out of 1000 (max. 500000)
 60 words of extra memory for PDF output out of 10000 (max. 10000000)

